<?xml version="1.0" encoding="UTF-8"?>
<!-- Generated by org.testng.reporters.JUnitReportReporter -->
<testsuite hostname="apd" failures="0" tests="1" name="test.java.tests.HomePageTest" time="4.572" errors="0" timestamp="2025-05-29T02:34:47 IST" skipped="0">
  <testcase classname="test.java.tests.HomePageTest" name="homePageTest" time="4.572"/>
</testsuite> <!-- test.java.tests.HomePageTest -->
