<?xml version="1.0" encoding="UTF-8"?>
<!-- Generated by org.testng.reporters.JUnitReportReporter -->
<testsuite hostname="apd" failures="0" tests="1" name="test.java.tests.HomePageTest" time="6.544" errors="0" timestamp="2025-05-28T15:29:51 IST" skipped="0">
  <testcase classname="test.java.tests.HomePageTest" name="homePageTest" time="6.544"/>
</testsuite> <!-- test.java.tests.HomePageTest -->
